
> phone-picker-ai@1.0.0 build
> next build

  ▲ Next.js 14.2.0
  - Environments: .env.local

   Creating an optimized production build ...
 ✓ Compiled successfully
   Linting and checking validity of types ...
   Collecting page data ...
   Generating static pages (0/6) ...
   Generating static pages (1/6) 
   Generating static pages (2/6) 
   Generating static pages (4/6) 
 ✓ Generating static pages (6/6)
   Finalizing page optimization ...
   Collecting build traces ...

Route (app)                              Size     First Load JS
┌ ○ /                                    139 kB          248 kB
├ ○ /_not-found                          871 B          87.8 kB
├ ƒ /api/recommend                       0 B                0 B
└ ƒ /api/youtube-insights                0 B                0 B
+ First Load JS shared by all            86.9 kB
  ├ chunks/23-51420077c17a940d.js        31.3 kB
  ├ chunks/fd9d1056-534367cb3cacc439.js  53.6 kB
  └ other shared chunks (total)          1.94 kB


○  (Static)   prerendered as static content
ƒ  (Dynamic)  server-rendered on demand

